<?xml version="1.0" encoding="UTF-8"?>
<!-- Generated by org.testng.reporters.JUnitReportReporter -->
<testsuite hostname="SAYOOJ" failures="0" tests="1" name="com.qa.testcases.TC_linkTest_001" time="8.238" errors="0" timestamp="2023-11-15T00:46:20 IST" skipped="0">
  <testcase classname="com.qa.testcases.TC_linkTest_001" name="linkTest" time="8.238"/>
  <system-out/>
</testsuite> <!-- com.qa.testcases.TC_linkTest_001 -->
