<?xml version="1.0" encoding="UTF-8"?>
<!-- Generated by org.testng.reporters.JUnitReportReporter -->
<testsuite hostname="SAYOOJ" failures="0" tests="3" name="com.qa.testcases.TC_LogINTest_003" time="6.695" errors="0" timestamp="2023-11-15T00:04:17 IST" skipped="0">
  <testcase classname="com.qa.testcases.TC_LogINTest_003" name="test1" time="4.521"/>
  <system-out/>
  <testcase classname="com.qa.testcases.TC_LogINTest_003" name="test2" time="2.124"/>
  <system-out/>
  <testcase classname="com.qa.testcases.TC_LogINTest_003" name="test3" time="0.050"/>
  <system-out/>
</testsuite> <!-- com.qa.testcases.TC_LogINTest_003 -->
