<?xml version="1.0" encoding="UTF-8"?>
<!-- Generated by org.testng.reporters.JUnitReportReporter -->
<testsuite hostname="SAYOOJ" failures="0" tests="3" name="com.qa.testcases.TC_RegisterPage_002" time="6.374" errors="0" timestamp="2023-11-14T22:11:11 IST" skipped="0">
  <testcase classname="com.qa.testcases.TC_RegisterPage_002" name="test1" time="4.143"/>
  <system-out/>
  <testcase classname="com.qa.testcases.TC_RegisterPage_002" name="test2" time="2.195"/>
  <system-out/>
  <testcase classname="com.qa.testcases.TC_RegisterPage_002" name="testUserVerify" time="0.036"/>
  <system-out/>
</testsuite> <!-- com.qa.testcases.TC_RegisterPage_002 -->
