<?xml version="1.0" encoding="UTF-8"?>
<!-- Generated by org.testng.reporters.JUnitReportReporter -->
<testsuite hostname="SAYOOJ" failures="0" tests="1" name="com.qa.base.Project" time="2.694" errors="0" timestamp="2023-11-10T21:10:49 IST" skipped="0">
  <testcase classname="com.qa.base.Project" name="linkText" time="2.694"/>
  <system-out/>
</testsuite> <!-- com.qa.base.Project -->
